
> my-v0-project@0.1.0 dev /workspace/Khuongcuoicung
> next dev

  ▲ Next.js 14.2.16
  - Local:        http://localhost:12000

 ✓ Starting...
 ✓ Ready in 1755ms
 ○ Compiling / ...
 ✓ Compiled / in 3.9s (784 modules)
 GET / 200 in 4104ms
 GET / 200 in 56ms
 GET / 200 in 33ms
 ○ Compiling /register ...
 ✓ Compiled /register in 695ms (778 modules)
 GET / 200 in 120ms
 GET / 200 in 40ms
 GET / 200 in 33ms
 ✓ Compiled in 457ms (396 modules)
 ✓ Compiled in 260ms (396 modules)
 ✓ Compiled in 255ms (396 modules)
 GET / 200 in 28ms
 ✓ Compiled in 329ms (396 modules)
